

times in msec
 clock   self+sourced   self:  sourced script
 clock   elapsed:              other lines

000.015  000.015: --- NVIM STARTING ---
000.523  000.508: locale set
001.081  000.558: inits 1
001.109  000.028: window checked
001.114  000.005: parsing arguments
005.063  003.949: init lua interpreter
005.333  000.269: expanding arguments
005.427  000.094: inits 2
006.508  001.082: init highlight
006.513  000.005: waiting for UI
007.930  001.417: done waiting for UI
007.957  000.027: init screen for UI
008.006  000.049: init default mappings
008.070  000.064: init default autocommands
009.626  000.168  000.168: sourcing /usr/share/nvim/runtime/ftplugin.vim
009.889  000.066  000.066: sourcing /usr/share/nvim/runtime/indent.vim
010.020  000.027  000.027: sourcing /usr/share/nvim/archlinux.vim
010.029  000.072  000.045: sourcing /etc/xdg/nvim/sysinit.vim
011.713  000.055  000.055: sourcing /home/namish/.local/share/nvim/site/pack/packer/start/filetype.nvim/filetype.vim
012.029  000.126  000.126: sourcing /usr/share/nvim/runtime/filetype.lua
012.101  000.030  000.030: sourcing /usr/share/nvim/runtime/filetype.vim
012.344  000.021  000.021: sourcing /usr/share/nvim/runtime/ftplugin.vim
012.544  000.018  000.018: sourcing /usr/share/nvim/runtime/indent.vim
017.227  004.255  004.255: sourcing /home/namish/.config/nvim/colors/wave.vim
025.147  015.076  010.571: sourcing /home/namish/.config/nvim/init.lua
025.168  001.716: sourcing vimrc file(s)
025.641  000.195  000.195: sourcing /usr/share/nvim/runtime/syntax/synload.vim
025.827  000.609  000.414: sourcing /usr/share/nvim/runtime/syntax/syntax.vim
027.307  000.034  000.034: sourcing /usr/share/nvim/runtime/plugin/gzip.vim
027.363  000.024  000.024: sourcing /usr/share/nvim/runtime/plugin/health.vim
027.462  000.071  000.071: sourcing /usr/share/nvim/runtime/plugin/man.vim
027.519  000.026  000.026: sourcing /usr/share/nvim/runtime/plugin/matchit.vim
027.571  000.025  000.025: sourcing /usr/share/nvim/runtime/plugin/matchparen.vim
027.634  000.035  000.035: sourcing /usr/share/nvim/runtime/plugin/netrwPlugin.vim
027.966  000.023  000.023: sourcing /home/namish/.local/share/nvim/rplugin.vim
027.983  000.321  000.298: sourcing /usr/share/nvim/runtime/plugin/rplugin.vim
028.138  000.126  000.126: sourcing /usr/share/nvim/runtime/plugin/shada.vim
028.221  000.047  000.047: sourcing /usr/share/nvim/runtime/plugin/spellfile.vim
028.287  000.033  000.033: sourcing /usr/share/nvim/runtime/plugin/tarPlugin.vim
028.390  000.029  000.029: sourcing /usr/share/nvim/runtime/plugin/tohtml.vim
028.459  000.037  000.037: sourcing /usr/share/nvim/runtime/plugin/tutor.vim
028.525  000.036  000.036: sourcing /usr/share/nvim/runtime/plugin/zipPlugin.vim
087.235  058.538  058.538: sourcing /home/namish/.config/nvim/plugin/packer_compiled.lua
087.743  002.584: loading rtp plugins
089.356  000.712  000.712: sourcing /home/namish/.local/share/nvim/site/pack/packer/start/nvim-cmp/plugin/cmp.lua
089.749  000.195  000.195: sourcing /home/namish/.local/share/nvim/site/pack/packer/start/nvim-lspconfig/plugin/lspconfig.vim
090.108  000.098  000.098: sourcing /home/namish/.local/share/nvim/site/pack/packer/start/nvim-web-devicons/plugin/nvim-web-devicons.vim
090.466  000.068  000.068: sourcing /home/namish/.local/share/nvim/site/pack/packer/start/plenary.nvim/plugin/plenary.vim
092.114  000.565  000.565: sourcing /home/namish/.local/share/nvim/site/pack/packer/start/vim-vsnip/autoload/vital/vsnip.vim
092.688  000.150  000.150: sourcing /home/namish/.local/share/nvim/site/pack/packer/start/vim-vsnip/autoload/vital/_vsnip/VS/LSP/Position.vim
092.946  000.048  000.048: sourcing /home/namish/.local/share/nvim/site/pack/packer/start/vim-vsnip/autoload/vital/_vsnip.vim
093.606  002.252  001.490: sourcing /home/namish/.local/share/nvim/site/pack/packer/start/vim-vsnip/autoload/vsnip/snippet.vim
094.220  000.243  000.243: sourcing /home/namish/.local/share/nvim/site/pack/packer/start/vim-vsnip/autoload/vital/_vsnip/VS/LSP/TextEdit.vim
094.802  000.112  000.112: sourcing /home/namish/.local/share/nvim/site/pack/packer/start/vim-vsnip/autoload/vital/_vsnip/VS/LSP/Text.vim
095.635  000.227  000.227: sourcing /home/namish/.local/share/nvim/site/pack/packer/start/vim-vsnip/autoload/vital/_vsnip/VS/Vim/Buffer.vim
096.261  000.099  000.099: sourcing /home/namish/.local/share/nvim/site/pack/packer/start/vim-vsnip/autoload/vital/_vsnip/VS/Vim/Option.vim
097.171  000.288  000.288: sourcing /home/namish/.local/share/nvim/site/pack/packer/start/vim-vsnip/autoload/vital/_vsnip/VS/LSP/Diff.vim
097.570  006.408  003.187: sourcing /home/namish/.local/share/nvim/site/pack/packer/start/vim-vsnip/autoload/vsnip/session.vim
097.998  007.027  000.618: sourcing /home/namish/.local/share/nvim/site/pack/packer/start/vim-vsnip/autoload/vsnip.vim
098.645  007.897  000.870: sourcing /home/namish/.local/share/nvim/site/pack/packer/start/vim-vsnip/plugin/vsnip.vim
099.000  002.287: loading packages
099.564  000.256  000.256: sourcing /home/namish/.local/share/nvim/site/pack/packer/start/cmp-vsnip/after/plugin/cmp_vsnip.vim
100.371  000.655  000.655: sourcing /home/namish/.local/share/nvim/site/pack/packer/start/cmp-buffer/after/plugin/cmp_buffer.lua
100.941  000.410  000.410: sourcing /home/namish/.local/share/nvim/site/pack/packer/start/cmp-nvim-lsp/after/plugin/cmp_nvim_lsp.lua
101.070  000.749: loading after plugins
101.104  000.034: inits 3
107.103  005.999: reading ShaDa
112.284  000.037  000.037: sourcing /home/namish/.local/share/nvim/site/pack/packer/opt/which-key.nvim/plugin/which-key.vim
113.687  000.032  000.032: sourcing /home/namish/.local/share/nvim/site/pack/packer/opt/yuck.vim/ftdetect/yuck.vim
131.578  003.900  003.900: sourcing /home/namish/.local/share/nvim/site/pack/packer/opt/nvim-treesitter/plugin/nvim-treesitter.lua
135.162  000.490  000.490: sourcing /home/namish/.local/share/nvim/site/pack/packer/opt/nvim-ts-autotag/plugin/nvim-ts-autotag.vim
136.937  000.085  000.085: sourcing /home/namish/.local/share/nvim/site/pack/packer/opt/nvim-colorizer.lua/plugin/colorizer.vim
140.882  029.235: opening buffers
141.437  000.555: BufEnter autocommands
141.446  000.009: editing files in windows
160.534  019.088: VimEnter autocommands
160.551  000.017: UIEnter autocommands
161.813  000.798  000.798: sourcing /usr/share/nvim/runtime/autoload/provider/clipboard.vim
161.845  000.496: before starting main loop
165.801  003.956: first screen update
165.812  000.012: --- NVIM STARTED ---


times in msec
 clock   self+sourced   self:  sourced script
 clock   elapsed:              other lines

000.010  000.010: --- NVIM STARTING ---
000.287  000.278: locale set
000.596  000.309: inits 1
000.608  000.012: window checked
000.611  000.003: parsing arguments
002.777  002.165: init lua interpreter
002.909  000.133: expanding arguments
002.940  000.031: inits 2
003.516  000.576: init highlight
003.518  000.002: waiting for UI
005.215  001.696: done waiting for UI
005.232  000.017: init screen for UI
005.270  000.039: init default mappings
005.317  000.046: init default autocommands
006.289  000.073  000.073: sourcing /usr/share/nvim/runtime/ftplugin.vim
006.442  000.036  000.036: sourcing /usr/share/nvim/runtime/indent.vim
006.520  000.016  000.016: sourcing /usr/share/nvim/archlinux.vim
006.524  000.043  000.027: sourcing /etc/xdg/nvim/sysinit.vim
007.498  000.026  000.026: sourcing /home/namish/.local/share/nvim/site/pack/packer/start/filetype.nvim/filetype.vim
007.693  000.070  000.070: sourcing /usr/share/nvim/runtime/filetype.lua
007.736  000.018  000.018: sourcing /usr/share/nvim/runtime/filetype.vim
007.884  000.014  000.014: sourcing /usr/share/nvim/runtime/ftplugin.vim
008.002  000.011  000.011: sourcing /usr/share/nvim/runtime/indent.vim
010.925  002.667  002.667: sourcing /home/namish/.config/nvim/colors/wave.vim
015.470  008.922  006.115: sourcing /home/namish/.config/nvim/init.lua
015.482  001.092: sourcing vimrc file(s)
015.757  000.115  000.115: sourcing /usr/share/nvim/runtime/syntax/synload.vim
015.869  000.359  000.244: sourcing /usr/share/nvim/runtime/syntax/syntax.vim
016.746  000.020  000.020: sourcing /usr/share/nvim/runtime/plugin/gzip.vim
016.779  000.014  000.014: sourcing /usr/share/nvim/runtime/plugin/health.vim
016.839  000.043  000.043: sourcing /usr/share/nvim/runtime/plugin/man.vim
016.874  000.016  000.016: sourcing /usr/share/nvim/runtime/plugin/matchit.vim
016.906  000.016  000.016: sourcing /usr/share/nvim/runtime/plugin/matchparen.vim
016.943  000.021  000.021: sourcing /usr/share/nvim/runtime/plugin/netrwPlugin.vim
017.127  000.014  000.014: sourcing /home/namish/.local/share/nvim/rplugin.vim
017.136  000.177  000.163: sourcing /usr/share/nvim/runtime/plugin/rplugin.vim
017.225  000.073  000.073: sourcing /usr/share/nvim/runtime/plugin/shada.vim
017.274  000.028  000.028: sourcing /usr/share/nvim/runtime/plugin/spellfile.vim
017.313  000.020  000.020: sourcing /usr/share/nvim/runtime/plugin/tarPlugin.vim
017.345  000.014  000.014: sourcing /usr/share/nvim/runtime/plugin/tohtml.vim
017.384  000.021  000.021: sourcing /usr/share/nvim/runtime/plugin/tutor.vim
017.423  000.021  000.021: sourcing /usr/share/nvim/runtime/plugin/zipPlugin.vim
033.062  000.495  000.495: sourcing /home/namish/.local/share/nvim/site/pack/packer/start/nvim-cmp/plugin/cmp.lua
034.422  016.859  016.364: sourcing /home/namish/.config/nvim/plugin/packer_compiled.lua
034.712  001.528: loading rtp plugins
035.229  000.042  000.042: sourcing /home/namish/.local/share/nvim/site/pack/packer/start/nvim-cmp/plugin/cmp.lua
035.445  000.122  000.122: sourcing /home/namish/.local/share/nvim/site/pack/packer/start/nvim-lspconfig/plugin/lspconfig.vim
035.655  000.055  000.055: sourcing /home/namish/.local/share/nvim/site/pack/packer/start/nvim-web-devicons/plugin/nvim-web-devicons.vim
035.866  000.039  000.039: sourcing /home/namish/.local/share/nvim/site/pack/packer/start/plenary.nvim/plugin/plenary.vim
037.702  000.317  000.317: sourcing /home/namish/.local/share/nvim/site/pack/packer/start/vim-vsnip/autoload/vital/vsnip.vim
038.028  000.088  000.088: sourcing /home/namish/.local/share/nvim/site/pack/packer/start/vim-vsnip/autoload/vital/_vsnip/VS/LSP/Position.vim
038.180  000.029  000.029: sourcing /home/namish/.local/share/nvim/site/pack/packer/start/vim-vsnip/autoload/vital/_vsnip.vim
038.559  001.292  000.859: sourcing /home/namish/.local/share/nvim/site/pack/packer/start/vim-vsnip/autoload/vsnip/snippet.vim
038.920  000.141  000.141: sourcing /home/namish/.local/share/nvim/site/pack/packer/start/vim-vsnip/autoload/vital/_vsnip/VS/LSP/TextEdit.vim
039.319  000.074  000.074: sourcing /home/namish/.local/share/nvim/site/pack/packer/start/vim-vsnip/autoload/vital/_vsnip/VS/LSP/Text.vim
039.768  000.131  000.131: sourcing /home/namish/.local/share/nvim/site/pack/packer/start/vim-vsnip/autoload/vital/_vsnip/VS/Vim/Buffer.vim
040.136  000.059  000.059: sourcing /home/namish/.local/share/nvim/site/pack/packer/start/vim-vsnip/autoload/vital/_vsnip/VS/Vim/Option.vim
040.665  000.169  000.169: sourcing /home/namish/.local/share/nvim/site/pack/packer/start/vim-vsnip/autoload/vital/_vsnip/VS/LSP/Diff.vim
040.904  003.751  001.886: sourcing /home/namish/.local/share/nvim/site/pack/packer/start/vim-vsnip/autoload/vsnip/session.vim
041.150  004.111  000.359: sourcing /home/namish/.local/share/nvim/site/pack/packer/start/vim-vsnip/autoload/vsnip.vim
041.489  005.455  001.344: sourcing /home/namish/.local/share/nvim/site/pack/packer/start/vim-vsnip/plugin/vsnip.vim
041.683  001.259: loading packages
041.992  000.128  000.128: sourcing /home/namish/.local/share/nvim/site/pack/packer/start/cmp-vsnip/after/plugin/cmp_vsnip.vim
042.326  000.242  000.242: sourcing /home/namish/.local/share/nvim/site/pack/packer/start/cmp-buffer/after/plugin/cmp_buffer.lua
042.609  000.193  000.193: sourcing /home/namish/.local/share/nvim/site/pack/packer/start/cmp-nvim-lsp/after/plugin/cmp_nvim_lsp.lua
042.681  000.434: loading after plugins
042.698  000.017: inits 3
046.036  003.338: reading ShaDa
054.228  000.026  000.026: sourcing /home/namish/.local/share/nvim/site/pack/packer/opt/yuck.vim/ftdetect/yuck.vim
054.531  000.019  000.019: sourcing /home/namish/.local/share/nvim/site/pack/packer/opt/which-key.nvim/plugin/which-key.vim
060.805  005.117  005.117: sourcing /home/namish/.local/share/nvim/site/pack/packer/opt/nvim-treesitter/plugin/nvim-treesitter.lua
063.005  000.326  000.326: sourcing /home/namish/.local/share/nvim/site/pack/packer/opt/nvim-ts-autotag/plugin/nvim-ts-autotag.vim
063.519  000.172  000.172: sourcing /home/namish/.local/share/nvim/site/pack/packer/opt/nvim-ts-rainbow/plugin/rainbow.vim
066.048  000.055  000.055: sourcing /home/namish/.local/share/nvim/site/pack/packer/opt/nvim-colorizer.lua/plugin/colorizer.vim
069.010  017.260: opening buffers
069.255  000.245: BufEnter autocommands
069.260  000.005: editing files in windows
080.277  011.017: VimEnter autocommands
080.284  000.007: UIEnter autocommands
080.753  000.282  000.282: sourcing /usr/share/nvim/runtime/autoload/provider/clipboard.vim
080.762  000.196: before starting main loop
082.525  001.763: first screen update
082.531  000.006: --- NVIM STARTED ---
